<?xml version="1.0" encoding="UTF-8" ?>
<testsuite failures="0" time="27.615" errors="0" skipped="0" tests="36" name="org.restflow.groovy.TestWorkflowsGroovy">
  <properties>
[...]
</properties>
  <testcase time="2.262" classname="org.restflow.groovy.TestWorkflowsGroovy" name="test_IntegerStreamMergeDuplicates_GroovyActor_PublishSubscribeDirector"/>
  <testcase time="0.592" classname="org.restflow.groovy.TestWorkflowsGroovy" name="test_IntegerStreamMergeDuplicates_GroovyActor_MTDataDrivenDirector"/>
  <testcase time="0.565" classname="org.restflow.groovy.TestWorkflowsGroovy" name="test_IntegerStreamMergeDuplicates_GroovyActor_DataDrivenDirector"/>
  <testcase time="0.56" classname="org.restflow.groovy.TestWorkflowsGroovy" name="test_AveragerWorkflow_GroovyActor_MTDataDrivenDirector"/>
  <testcase time="0.57" classname="org.restflow.groovy.TestWorkflowsGroovy" name="test_BranchingWorkflow_GroovyActor_DataDrivenDirector"/>
  <testcase time="0.718" classname="org.restflow.groovy.TestWorkflowsGroovy" name="test_CountToThree_GroovyActor_MTDataDrivenDirector"/>
  <testcase time="0.372" classname="org.restflow.groovy.TestWorkflowsGroovy" name="test_CountToThree_GroovyActor_PublishSubscribeDirector"/>
  <testcase time="0.741" classname="org.restflow.groovy.TestWorkflowsGroovy" name="test_HammingSequence_GroovyActor_DataDrivenDirector"/>
  <testcase time="0.889" classname="org.restflow.groovy.TestWorkflowsGroovy" name="test_AdderLoop_GroovyActor_PublishSubscribeDrivenDirector"/>
  <testcase time="0.659" classname="org.restflow.groovy.TestWorkflowsGroovy" name="test_HelloWorld_GroovyActor_MTDataDrivenDirector"/>
  <testcase time="0.785" classname="org.restflow.groovy.TestWorkflowsGroovy" name="test_HammingSequence_GroovyActor_MTDataDrivenDirector"/>
  <testcase time="0.644" classname="org.restflow.groovy.TestWorkflowsGroovy" name="test_IntegerFilter_GroovyActor_PublishSubscribeDirector"/>
  <testcase time="0.839" classname="org.restflow.groovy.TestWorkflowsGroovy" name="test_AdderLoop_GroovyActor_MTDataDrivenDirector"/>
  <testcase time="2.573" classname="org.restflow.groovy.TestWorkflowsGroovy" name="test_OrderedConcurrentMultipliers_MTDataDrivenDirector"/>
  <testcase time="0.617" classname="org.restflow.groovy.TestWorkflowsGroovy" name="test_MergingWorkflow_GroovyActor_PublishSubscribeDirector"/>
  <testcase time="0.502" classname="org.restflow.groovy.TestWorkflowsGroovy" name="test_CountToThree_GroovyActor_DemandDrivenDirector"/>
  <testcase time="0.493" classname="org.restflow.groovy.TestWorkflowsGroovy" name="test_AveragerWorkflow_GroovyActor_PublishSubscribeDirector"/>
  <testcase time="0.724" classname="org.restflow.groovy.TestWorkflowsGroovy" name="test_HelloWorld_GroovyActor_DemandDrivenDirector"/>
  <testcase time="0.598" classname="org.restflow.groovy.TestWorkflowsGroovy" name="test_IntegerFilter_GroovyActor_DataDrivenDirector"/>
  <testcase time="0.757" classname="org.restflow.groovy.TestWorkflowsGroovy" name="test_MergingWorkflow_GroovyActor_DataDrivenDirector"/>
  <testcase time="0.647" classname="org.restflow.groovy.TestWorkflowsGroovy" name="test_IntegerStreamMerge_GroovyActor_DataDrivenDirector"/>
  <testcase time="0.636" classname="org.restflow.groovy.TestWorkflowsGroovy" name="test_CountToThree_GroovyActor_DataDrivenDirector"/>
  <testcase time="0.626" classname="org.restflow.groovy.TestWorkflowsGroovy" name="test_BranchingWorkflow_GroovyActor_DemandDrivenDirector"/>
  <testcase time="0.598" classname="org.restflow.groovy.TestWorkflowsGroovy" name="test_AdderLoop_GroovyActor_DataDrivenDirector"/>
  <testcase time="0.75" classname="org.restflow.groovy.TestWorkflowsGroovy" name="test_BranchingWorkflow_GroovyActor_MTDataDrivenDirector"/>
  <testcase time="0.757" classname="org.restflow.groovy.TestWorkflowsGroovy" name="test_HammingSequence_GroovyActor_PublishSubscribeDirector"/>
  <testcase time="1.106" classname="org.restflow.groovy.TestWorkflowsGroovy" name="test_IntegerStreamMerge_GroovyActor_PublishSubscribeDirector"/>
  <testcase time="0.384" classname="org.restflow.groovy.TestWorkflowsGroovy" name="test_BranchingWorkflow_GroovyActor_PublishSubscribeDirector"/>
  <testcase time="0.699" classname="org.restflow.groovy.TestWorkflowsGroovy" name="test_IntegerFilter_GroovyActor_MTDataDrivenDirector"/>
  <testcase time="0.644" classname="org.restflow.groovy.TestWorkflowsGroovy" name="test_HelloWorld_Groovyctor_PublishSubscribeDirector"/>
  <testcase time="0.77" classname="org.restflow.groovy.TestWorkflowsGroovy" name="test_IntegerStreamMerge_GroovyActor_MTDataDrivenDirector"/>
  <testcase time="0.692" classname="org.restflow.groovy.TestWorkflowsGroovy" name="test_MergingWorkflow_GroovyActor_MTDataDrivenDirector"/>
  <testcase time="0.723" classname="org.restflow.groovy.TestWorkflowsGroovy" name="test_HelloWorld_GroovyActor_DataDrivenDirector"/>
  <testcase time="0.622" classname="org.restflow.groovy.TestWorkflowsGroovy" name="test_MergingWorkflow_GroovyActor_DemandDrivenDirector"/>
  <testcase time="0.561" classname="org.restflow.groovy.TestWorkflowsGroovy" name="test_AveragerWorkflow_GroovyActor_DataDrivenDirector"/>
  <testcase time="0.933" classname="org.restflow.groovy.TestWorkflowsGroovy" name="test_Maps_MTDataDrivenDirector"/>
</testsuite>